{"error":"logger is not defined","level":"error","message":"Error in email sending or database update","service":"email-campaign-service","stack":"ReferenceError: logger is not defined\n    at sendBulkMails (file:///D:/RPA/Marketing/Node-Mail_Server/Controllers/mailController.js:62:5)\n    at process.processTicksAndRejections (node:internal/process/task_queues:95:5)\n    at async extractDataAndSendMail (file:///D:/RPA/Marketing/Node-Mail_Server/Controllers/extractDataController.js:156:30)","timestamp":"2024-12-11 10:07:24"}
{"level":"info","message":"Successfully sent 29 emails","service":"email-campaign-service","timestamp":"2024-12-11 10:09:15"}
{"campaignId":"Test file with Industry 18.9.24","error":"Bad Request","level":"error","message":"Error sending personal notification email","service":"email-campaign-service","timestamp":"2024-12-11 10:09:15"}
{"error":"EmailSendingError is not defined","level":"error","message":"Unexpected error in sendPersonalMail","service":"email-campaign-service","stack":"ReferenceError: EmailSendingError is not defined\n    at sendPersonalMail (file:///D:/RPA/Marketing/Node-Mail_Server/Controllers/mailController.js:118:7)\n    at process.processTicksAndRejections (node:internal/process/task_queues:95:5)\n    at async extractDataAndSendMail (file:///D:/RPA/Marketing/Node-Mail_Server/Controllers/extractDataController.js:171:13)","timestamp":"2024-12-11 10:09:15"}
{"level":"info","message":"Successfully sent 29 emails","service":"email-campaign-service","timestamp":"2024-12-11 10:11:36"}
{"campaignId":"Test file with Industry 18.9.24","error":"Bad Request","level":"error","message":"Error sending personal notification email","service":"email-campaign-service","timestamp":"2024-12-11 10:11:37"}
{"error":"Failed to send personal notification email","level":"error","message":"Unexpected error in sendPersonalMail","service":"email-campaign-service","stack":"EmailSendingError: Failed to send personal notification email\n    at sendPersonalMail (file:///D:/RPA/Marketing/Node-Mail_Server/Controllers/mailController.js:125:13)\n    at process.processTicksAndRejections (node:internal/process/task_queues:95:5)\n    at async extractDataAndSendMail (file:///D:/RPA/Marketing/Node-Mail_Server/Controllers/extractDataController.js:164:13)","timestamp":"2024-12-11 10:11:37"}
{"level":"info","message":"Successfully sent 29 emails","service":"email-campaign-service","timestamp":"2024-12-11 10:13:00"}
{"campaignId":"Test file with Industry 18.9.24","error":"Bad Request","level":"error","message":"Error sending personal notification email","service":"email-campaign-service","timestamp":"2024-12-11 10:13:01"}
{"error":"Failed to send personal notification email","level":"error","message":"Unexpected error in sendPersonalMail","service":"email-campaign-service","stack":"EmailSendingError: Failed to send personal notification email\n    at sendPersonalMail (file:///D:/RPA/Marketing/Node-Mail_Server/Controllers/mailController.js:125:13)\n    at process.processTicksAndRejections (node:internal/process/task_queues:95:5)\n    at async extractDataAndSendMail (file:///D:/RPA/Marketing/Node-Mail_Server/Controllers/extractDataController.js:164:13)","timestamp":"2024-12-11 10:13:01"}
{"level":"info","message":"Successfully sent 29 emails","service":"email-campaign-service","timestamp":"2024-12-11 10:17:02"}
{"campaignId":"Test file with Industry 18.9.24","error":"Bad Request","level":"error","message":"Error sending personal notification email","service":"email-campaign-service","timestamp":"2024-12-11 10:17:03"}
{"error":"Failed to send personal notification email","level":"error","message":"Unexpected error in sendPersonalMail","service":"email-campaign-service","stack":"EmailSendingError: Failed to send personal notification email\n    at sendPersonalMail (file:///D:/RPA/Marketing/Node-Mail_Server/Controllers/mailController.js:127:13)\n    at process.processTicksAndRejections (node:internal/process/task_queues:95:5)\n    at async extractDataAndSendMail (file:///D:/RPA/Marketing/Node-Mail_Server/Controllers/extractDataController.js:164:13)","timestamp":"2024-12-11 10:17:03"}
{"level":"info","message":"Successfully sent 29 emails","service":"email-campaign-service","timestamp":"2024-12-11 10:19:26"}
{"campaignId":"Test file with Industry 18.9.24","error":"Bad Request","level":"error","message":"Error sending personal notification email","service":"email-campaign-service","timestamp":"2024-12-11 10:19:27"}
{"error":"Failed to send personal notification email","level":"error","message":"Unexpected error in sendPersonalMail","service":"email-campaign-service","stack":"EmailSendingError: Failed to send personal notification email\n    at sendPersonalMail (file:///D:/RPA/Marketing/Node-Mail_Server/Controllers/mailController.js:127:13)\n    at process.processTicksAndRejections (node:internal/process/task_queues:95:5)\n    at async extractDataAndSendMail (file:///D:/RPA/Marketing/Node-Mail_Server/Controllers/extractDataController.js:164:13)","timestamp":"2024-12-11 10:19:27"}
{"level":"info","message":"Successfully sent 29 emails","service":"email-campaign-service","timestamp":"2024-12-11 10:22:53"}
{"campaignId":"Test file with Industry 18.9.24","error":"Bad Request","level":"error","message":"Error sending personal notification email","service":"email-campaign-service","timestamp":"2024-12-11 10:23:04"}
{"error":"Failed to send personal notification email","level":"error","message":"Unexpected error in sendPersonalMail","service":"email-campaign-service","stack":"EmailSendingError: Failed to send personal notification email\n    at sendPersonalMail (file:///D:/RPA/Marketing/Node-Mail_Server/Controllers/mailController.js:127:13)\n    at process.processTicksAndRejections (node:internal/process/task_queues:95:5)\n    at async Timeout._onTimeout (file:///D:/RPA/Marketing/Node-Mail_Server/Controllers/extractDataController.js:164:15)","timestamp":"2024-12-11 10:23:04"}
{"level":"info","message":"Successfully sent 29 emails","service":"email-campaign-service","timestamp":"2024-12-11 10:25:11"}
{"level":"info","message":"Personal notification email sent for campaign Test file with Industry 18.9.24","service":"email-campaign-service","timestamp":"2024-12-11 10:25:22"}
{"level":"info","message":"Successfully sent 29 emails","service":"email-campaign-service","timestamp":"2024-12-11 10:27:23"}
{"level":"info","message":"Personal notification email sent for campaign Test file with Industry 18.9.24","service":"email-campaign-service","timestamp":"2024-12-11 10:27:34"}
